running egg_info
writing build/science_control_pkg/science_control_pkg.egg-info/PKG-INFO
writing dependency_links to build/science_control_pkg/science_control_pkg.egg-info/dependency_links.txt
writing entry points to build/science_control_pkg/science_control_pkg.egg-info/entry_points.txt
writing requirements to build/science_control_pkg/science_control_pkg.egg-info/requires.txt
writing top-level names to build/science_control_pkg/science_control_pkg.egg-info/top_level.txt
reading manifest file 'build/science_control_pkg/science_control_pkg.egg-info/SOURCES.txt'
writing manifest file 'build/science_control_pkg/science_control_pkg.egg-info/SOURCES.txt'
running build
running build_py
copying science_control_pkg/dynamixel_control.py -> /home/thinkpad/science_control_pkg/build/science_control_pkg/build/lib/science_control_pkg
running install
/usr/lib/python3/dist-packages/setuptools/command/install.py:34: SetuptoolsDeprecationWarning: setup.py install is deprecated. Use build and pip and other standards-based tools.
  warnings.warn(
running install_lib
copying /home/thinkpad/science_control_pkg/build/science_control_pkg/build/lib/science_control_pkg/dynamixel_control.py -> /home/thinkpad/science_control_pkg/install/science_control_pkg/lib/python3.10/site-packages/science_control_pkg
byte-compiling /home/thinkpad/science_control_pkg/install/science_control_pkg/lib/python3.10/site-packages/science_control_pkg/dynamixel_control.py to dynamixel_control.cpython-310.pyc
running install_data
running install_egg_info
removing '/home/thinkpad/science_control_pkg/install/science_control_pkg/lib/python3.10/site-packages/science_control_pkg-0.0.0-py3.10.egg-info' (and everything under it)
Copying build/science_control_pkg/science_control_pkg.egg-info to /home/thinkpad/science_control_pkg/install/science_control_pkg/lib/python3.10/site-packages/science_control_pkg-0.0.0-py3.10.egg-info
running install_scripts
Installing dynamixel_control_node script to /home/thinkpad/science_control_pkg/install/science_control_pkg/lib/science_control_pkg
Installing ocean_optics_spectrometer_node script to /home/thinkpad/science_control_pkg/install/science_control_pkg/lib/science_control_pkg
Installing science_motor_control_node script to /home/thinkpad/science_control_pkg/install/science_control_pkg/lib/science_control_pkg
Installing subsurface_motor_node script to /home/thinkpad/science_control_pkg/install/science_control_pkg/lib/science_control_pkg
writing list of installed files to '/home/thinkpad/science_control_pkg/build/science_control_pkg/install.log'
