[1.104s] Invoking command in '/home/thinkpad/science_control_pkg': PYTHONPATH=/home/thinkpad/science_control_pkg/build/science_control_pkg/prefix_override:/home/thinkpad/science_control_pkg/install/science_control_pkg/lib/python3.10/site-packages:${PYTHONPATH} /usr/bin/python3 setup.py egg_info --egg-base build/science_control_pkg build --build-base /home/thinkpad/science_control_pkg/build/science_control_pkg/build install --record /home/thinkpad/science_control_pkg/build/science_control_pkg/install.log --single-version-externally-managed
[1.410s] running egg_info
[1.412s] writing build/science_control_pkg/science_control_pkg.egg-info/PKG-INFO
[1.415s] writing dependency_links to build/science_control_pkg/science_control_pkg.egg-info/dependency_links.txt
[1.416s] writing entry points to build/science_control_pkg/science_control_pkg.egg-info/entry_points.txt
[1.416s] writing requirements to build/science_control_pkg/science_control_pkg.egg-info/requires.txt
[1.416s] writing top-level names to build/science_control_pkg/science_control_pkg.egg-info/top_level.txt
[1.422s] reading manifest file 'build/science_control_pkg/science_control_pkg.egg-info/SOURCES.txt'
[1.423s] writing manifest file 'build/science_control_pkg/science_control_pkg.egg-info/SOURCES.txt'
[1.423s] running build
[1.424s] running build_py
[1.424s] copying science_control_pkg/dynamixel_control.py -> /home/thinkpad/science_control_pkg/build/science_control_pkg/build/lib/science_control_pkg
[1.424s] running install
[1.425s] /usr/lib/python3/dist-packages/setuptools/command/install.py:34: SetuptoolsDeprecationWarning: setup.py install is deprecated. Use build and pip and other standards-based tools.
[1.425s]   warnings.warn(
[1.425s] running install_lib
[1.428s] copying /home/thinkpad/science_control_pkg/build/science_control_pkg/build/lib/science_control_pkg/dynamixel_control.py -> /home/thinkpad/science_control_pkg/install/science_control_pkg/lib/python3.10/site-packages/science_control_pkg
[1.429s] byte-compiling /home/thinkpad/science_control_pkg/install/science_control_pkg/lib/python3.10/site-packages/science_control_pkg/dynamixel_control.py to dynamixel_control.cpython-310.pyc
[1.433s] running install_data
[1.434s] running install_egg_info
[1.439s] removing '/home/thinkpad/science_control_pkg/install/science_control_pkg/lib/python3.10/site-packages/science_control_pkg-0.0.0-py3.10.egg-info' (and everything under it)
[1.439s] Copying build/science_control_pkg/science_control_pkg.egg-info to /home/thinkpad/science_control_pkg/install/science_control_pkg/lib/python3.10/site-packages/science_control_pkg-0.0.0-py3.10.egg-info
[1.440s] running install_scripts
[1.465s] Installing dynamixel_control_node script to /home/thinkpad/science_control_pkg/install/science_control_pkg/lib/science_control_pkg
[1.466s] Installing ocean_optics_spectrometer_node script to /home/thinkpad/science_control_pkg/install/science_control_pkg/lib/science_control_pkg
[1.466s] Installing science_motor_control_node script to /home/thinkpad/science_control_pkg/install/science_control_pkg/lib/science_control_pkg
[1.466s] Installing subsurface_motor_node script to /home/thinkpad/science_control_pkg/install/science_control_pkg/lib/science_control_pkg
[1.466s] writing list of installed files to '/home/thinkpad/science_control_pkg/build/science_control_pkg/install.log'
[1.497s] Invoked command in '/home/thinkpad/science_control_pkg' returned '0': PYTHONPATH=/home/thinkpad/science_control_pkg/build/science_control_pkg/prefix_override:/home/thinkpad/science_control_pkg/install/science_control_pkg/lib/python3.10/site-packages:${PYTHONPATH} /usr/bin/python3 setup.py egg_info --egg-base build/science_control_pkg build --build-base /home/thinkpad/science_control_pkg/build/science_control_pkg/build install --record /home/thinkpad/science_control_pkg/build/science_control_pkg/install.log --single-version-externally-managed
