[1.150s] Invoking command in '/home/thinkpad/science_control_pkg': PYTHONPATH=/home/thinkpad/science_control_pkg/build/science_control_pkg/prefix_override:/home/thinkpad/science_control_pkg/install/science_control_pkg/lib/python3.10/site-packages:${PYTHONPATH} /usr/bin/python3 setup.py egg_info --egg-base build/science_control_pkg build --build-base /home/thinkpad/science_control_pkg/build/science_control_pkg/build install --record /home/thinkpad/science_control_pkg/build/science_control_pkg/install.log --single-version-externally-managed
[1.463s] running egg_info
[1.463s] creating build/science_control_pkg/science_control_pkg.egg-info
[1.467s] writing build/science_control_pkg/science_control_pkg.egg-info/PKG-INFO
[1.468s] writing dependency_links to build/science_control_pkg/science_control_pkg.egg-info/dependency_links.txt
[1.468s] writing entry points to build/science_control_pkg/science_control_pkg.egg-info/entry_points.txt
[1.468s] writing requirements to build/science_control_pkg/science_control_pkg.egg-info/requires.txt
[1.468s] writing top-level names to build/science_control_pkg/science_control_pkg.egg-info/top_level.txt
[1.473s] writing manifest file 'build/science_control_pkg/science_control_pkg.egg-info/SOURCES.txt'
[1.475s] reading manifest file 'build/science_control_pkg/science_control_pkg.egg-info/SOURCES.txt'
[1.476s] writing manifest file 'build/science_control_pkg/science_control_pkg.egg-info/SOURCES.txt'
[1.476s] running build
[1.476s] running build_py
[1.476s] creating /home/thinkpad/science_control_pkg/build/science_control_pkg/build
[1.476s] creating /home/thinkpad/science_control_pkg/build/science_control_pkg/build/lib
[1.477s] creating /home/thinkpad/science_control_pkg/build/science_control_pkg/build/lib/science_control_pkg
[1.477s] copying science_control_pkg/science_motor_control.py -> /home/thinkpad/science_control_pkg/build/science_control_pkg/build/lib/science_control_pkg
[1.477s] copying science_control_pkg/ocean_optics_spectrometer.py -> /home/thinkpad/science_control_pkg/build/science_control_pkg/build/lib/science_control_pkg
[1.477s] copying science_control_pkg/moisture_sensor.py -> /home/thinkpad/science_control_pkg/build/science_control_pkg/build/lib/science_control_pkg
[1.477s] copying science_control_pkg/dynamixel_control.py -> /home/thinkpad/science_control_pkg/build/science_control_pkg/build/lib/science_control_pkg
[1.477s] copying science_control_pkg/subsurface_motor.py -> /home/thinkpad/science_control_pkg/build/science_control_pkg/build/lib/science_control_pkg
[1.477s] copying science_control_pkg/__init__.py -> /home/thinkpad/science_control_pkg/build/science_control_pkg/build/lib/science_control_pkg
[1.478s] running install
[1.478s] /usr/lib/python3/dist-packages/setuptools/command/install.py:34: SetuptoolsDeprecationWarning: setup.py install is deprecated. Use build and pip and other standards-based tools.
[1.478s]   warnings.warn(
[1.479s] running install_lib
[1.480s] creating /home/thinkpad/science_control_pkg/install/science_control_pkg/lib/python3.10/site-packages/science_control_pkg
[1.480s] copying /home/thinkpad/science_control_pkg/build/science_control_pkg/build/lib/science_control_pkg/science_motor_control.py -> /home/thinkpad/science_control_pkg/install/science_control_pkg/lib/python3.10/site-packages/science_control_pkg
[1.480s] copying /home/thinkpad/science_control_pkg/build/science_control_pkg/build/lib/science_control_pkg/ocean_optics_spectrometer.py -> /home/thinkpad/science_control_pkg/install/science_control_pkg/lib/python3.10/site-packages/science_control_pkg
[1.480s] copying /home/thinkpad/science_control_pkg/build/science_control_pkg/build/lib/science_control_pkg/moisture_sensor.py -> /home/thinkpad/science_control_pkg/install/science_control_pkg/lib/python3.10/site-packages/science_control_pkg
[1.481s] copying /home/thinkpad/science_control_pkg/build/science_control_pkg/build/lib/science_control_pkg/dynamixel_control.py -> /home/thinkpad/science_control_pkg/install/science_control_pkg/lib/python3.10/site-packages/science_control_pkg
[1.481s] copying /home/thinkpad/science_control_pkg/build/science_control_pkg/build/lib/science_control_pkg/subsurface_motor.py -> /home/thinkpad/science_control_pkg/install/science_control_pkg/lib/python3.10/site-packages/science_control_pkg
[1.481s] copying /home/thinkpad/science_control_pkg/build/science_control_pkg/build/lib/science_control_pkg/__init__.py -> /home/thinkpad/science_control_pkg/install/science_control_pkg/lib/python3.10/site-packages/science_control_pkg
[1.482s] byte-compiling /home/thinkpad/science_control_pkg/install/science_control_pkg/lib/python3.10/site-packages/science_control_pkg/science_motor_control.py to science_motor_control.cpython-310.pyc
[1.484s] byte-compiling /home/thinkpad/science_control_pkg/install/science_control_pkg/lib/python3.10/site-packages/science_control_pkg/ocean_optics_spectrometer.py to ocean_optics_spectrometer.cpython-310.pyc
[1.485s] byte-compiling /home/thinkpad/science_control_pkg/install/science_control_pkg/lib/python3.10/site-packages/science_control_pkg/moisture_sensor.py to moisture_sensor.cpython-310.pyc
[1.485s] byte-compiling /home/thinkpad/science_control_pkg/install/science_control_pkg/lib/python3.10/site-packages/science_control_pkg/dynamixel_control.py to dynamixel_control.cpython-310.pyc
[1.487s] byte-compiling /home/thinkpad/science_control_pkg/install/science_control_pkg/lib/python3.10/site-packages/science_control_pkg/subsurface_motor.py to subsurface_motor.cpython-310.pyc
[1.488s] byte-compiling /home/thinkpad/science_control_pkg/install/science_control_pkg/lib/python3.10/site-packages/science_control_pkg/__init__.py to __init__.cpython-310.pyc
[1.488s] running install_data
[1.489s] creating /home/thinkpad/science_control_pkg/install/science_control_pkg/share/ament_index
[1.490s] creating /home/thinkpad/science_control_pkg/install/science_control_pkg/share/ament_index/resource_index
[1.490s] creating /home/thinkpad/science_control_pkg/install/science_control_pkg/share/ament_index/resource_index/packages
[1.490s] copying resource/science_control_pkg -> /home/thinkpad/science_control_pkg/install/science_control_pkg/share/ament_index/resource_index/packages
[1.490s] copying package.xml -> /home/thinkpad/science_control_pkg/install/science_control_pkg/share/science_control_pkg
[1.490s] creating /home/thinkpad/science_control_pkg/install/science_control_pkg/share/science_control_pkg/launch
[1.490s] copying launch/science.launch.py -> /home/thinkpad/science_control_pkg/install/science_control_pkg/share/science_control_pkg/launch
[1.490s] running install_egg_info
[1.495s] Copying build/science_control_pkg/science_control_pkg.egg-info to /home/thinkpad/science_control_pkg/install/science_control_pkg/lib/python3.10/site-packages/science_control_pkg-0.0.0-py3.10.egg-info
[1.496s] running install_scripts
[1.522s] Installing dynamixel_control_node script to /home/thinkpad/science_control_pkg/install/science_control_pkg/lib/science_control_pkg
[1.522s] Installing ocean_optics_spectrometer_node script to /home/thinkpad/science_control_pkg/install/science_control_pkg/lib/science_control_pkg
[1.522s] Installing science_motor_control_node script to /home/thinkpad/science_control_pkg/install/science_control_pkg/lib/science_control_pkg
[1.522s] Installing subsurface_motor_node script to /home/thinkpad/science_control_pkg/install/science_control_pkg/lib/science_control_pkg
[1.523s] writing list of installed files to '/home/thinkpad/science_control_pkg/build/science_control_pkg/install.log'
[1.562s] Invoked command in '/home/thinkpad/science_control_pkg' returned '0': PYTHONPATH=/home/thinkpad/science_control_pkg/build/science_control_pkg/prefix_override:/home/thinkpad/science_control_pkg/install/science_control_pkg/lib/python3.10/site-packages:${PYTHONPATH} /usr/bin/python3 setup.py egg_info --egg-base build/science_control_pkg build --build-base /home/thinkpad/science_control_pkg/build/science_control_pkg/build install --record /home/thinkpad/science_control_pkg/build/science_control_pkg/install.log --single-version-externally-managed
