[1.016s] Invoking command in '/home/thinkpad/science_control_pkg': PYTHONPATH=/home/thinkpad/science_control_pkg/build/science_control_pkg/prefix_override:/home/thinkpad/science_control_pkg/install/science_control_pkg/lib/python3.10/site-packages:${PYTHONPATH} /usr/bin/python3 setup.py egg_info --egg-base build/science_control_pkg build --build-base /home/thinkpad/science_control_pkg/build/science_control_pkg/build install --record /home/thinkpad/science_control_pkg/build/science_control_pkg/install.log --single-version-externally-managed
[1.326s] running egg_info
[1.327s] writing build/science_control_pkg/science_control_pkg.egg-info/PKG-INFO
[1.327s] writing dependency_links to build/science_control_pkg/science_control_pkg.egg-info/dependency_links.txt
[1.327s] writing entry points to build/science_control_pkg/science_control_pkg.egg-info/entry_points.txt
[1.328s] writing requirements to build/science_control_pkg/science_control_pkg.egg-info/requires.txt
[1.328s] writing top-level names to build/science_control_pkg/science_control_pkg.egg-info/top_level.txt
[1.337s] reading manifest file 'build/science_control_pkg/science_control_pkg.egg-info/SOURCES.txt'
[1.339s] writing manifest file 'build/science_control_pkg/science_control_pkg.egg-info/SOURCES.txt'
[1.339s] running build
[1.339s] running build_py
[1.340s] running install
[1.340s] /usr/lib/python3/dist-packages/setuptools/command/install.py:34: SetuptoolsDeprecationWarning: setup.py install is deprecated. Use build and pip and other standards-based tools.
[1.340s]   warnings.warn(
[1.341s] running install_lib
[1.343s] running install_data
[1.344s] running install_egg_info
[1.348s] removing '/home/thinkpad/science_control_pkg/install/science_control_pkg/lib/python3.10/site-packages/science_control_pkg-0.0.0-py3.10.egg-info' (and everything under it)
[1.348s] Copying build/science_control_pkg/science_control_pkg.egg-info to /home/thinkpad/science_control_pkg/install/science_control_pkg/lib/python3.10/site-packages/science_control_pkg-0.0.0-py3.10.egg-info
[1.349s] running install_scripts
[1.380s] Installing dynamixel_control_node script to /home/thinkpad/science_control_pkg/install/science_control_pkg/lib/science_control_pkg
[1.380s] Installing ocean_optics_spectrometer_node script to /home/thinkpad/science_control_pkg/install/science_control_pkg/lib/science_control_pkg
[1.380s] Installing science_motor_control_node script to /home/thinkpad/science_control_pkg/install/science_control_pkg/lib/science_control_pkg
[1.380s] Installing subsurface_motor_node script to /home/thinkpad/science_control_pkg/install/science_control_pkg/lib/science_control_pkg
[1.381s] writing list of installed files to '/home/thinkpad/science_control_pkg/build/science_control_pkg/install.log'
[1.425s] Invoked command in '/home/thinkpad/science_control_pkg' returned '0': PYTHONPATH=/home/thinkpad/science_control_pkg/build/science_control_pkg/prefix_override:/home/thinkpad/science_control_pkg/install/science_control_pkg/lib/python3.10/site-packages:${PYTHONPATH} /usr/bin/python3 setup.py egg_info --egg-base build/science_control_pkg build --build-base /home/thinkpad/science_control_pkg/build/science_control_pkg/build install --record /home/thinkpad/science_control_pkg/build/science_control_pkg/install.log --single-version-externally-managed
