/home/thinkpad/science_control_pkg/install/science_control_pkg/lib/python3.10/site-packages/science_control_pkg/science_motor_control.py
/home/thinkpad/science_control_pkg/install/science_control_pkg/lib/python3.10/site-packages/science_control_pkg/ocean_optics_spectrometer.py
/home/thinkpad/science_control_pkg/install/science_control_pkg/lib/python3.10/site-packages/science_control_pkg/moisture_sensor.py
/home/thinkpad/science_control_pkg/install/science_control_pkg/lib/python3.10/site-packages/science_control_pkg/dynamixel_control.py
/home/thinkpad/science_control_pkg/install/science_control_pkg/lib/python3.10/site-packages/science_control_pkg/subsurface_motor.py
/home/thinkpad/science_control_pkg/install/science_control_pkg/lib/python3.10/site-packages/science_control_pkg/__init__.py
/home/thinkpad/science_control_pkg/install/science_control_pkg/lib/python3.10/site-packages/science_control_pkg/__pycache__/science_motor_control.cpython-310.pyc
/home/thinkpad/science_control_pkg/install/science_control_pkg/lib/python3.10/site-packages/science_control_pkg/__pycache__/ocean_optics_spectrometer.cpython-310.pyc
/home/thinkpad/science_control_pkg/install/science_control_pkg/lib/python3.10/site-packages/science_control_pkg/__pycache__/moisture_sensor.cpython-310.pyc
/home/thinkpad/science_control_pkg/install/science_control_pkg/lib/python3.10/site-packages/science_control_pkg/__pycache__/dynamixel_control.cpython-310.pyc
/home/thinkpad/science_control_pkg/install/science_control_pkg/lib/python3.10/site-packages/science_control_pkg/__pycache__/subsurface_motor.cpython-310.pyc
/home/thinkpad/science_control_pkg/install/science_control_pkg/lib/python3.10/site-packages/science_control_pkg/__pycache__/__init__.cpython-310.pyc
/home/thinkpad/science_control_pkg/install/science_control_pkg/share/ament_index/resource_index/packages/science_control_pkg
/home/thinkpad/science_control_pkg/install/science_control_pkg/share/science_control_pkg/package.xml
/home/thinkpad/science_control_pkg/install/science_control_pkg/share/science_control_pkg/launch/science.launch.py
/home/thinkpad/science_control_pkg/install/science_control_pkg/lib/python3.10/site-packages/science_control_pkg-0.0.0-py3.10.egg-info/PKG-INFO
/home/thinkpad/science_control_pkg/install/science_control_pkg/lib/python3.10/site-packages/science_control_pkg-0.0.0-py3.10.egg-info/top_level.txt
/home/thinkpad/science_control_pkg/install/science_control_pkg/lib/python3.10/site-packages/science_control_pkg-0.0.0-py3.10.egg-info/dependency_links.txt
/home/thinkpad/science_control_pkg/install/science_control_pkg/lib/python3.10/site-packages/science_control_pkg-0.0.0-py3.10.egg-info/zip-safe
/home/thinkpad/science_control_pkg/install/science_control_pkg/lib/python3.10/site-packages/science_control_pkg-0.0.0-py3.10.egg-info/requires.txt
/home/thinkpad/science_control_pkg/install/science_control_pkg/lib/python3.10/site-packages/science_control_pkg-0.0.0-py3.10.egg-info/entry_points.txt
/home/thinkpad/science_control_pkg/install/science_control_pkg/lib/python3.10/site-packages/science_control_pkg-0.0.0-py3.10.egg-info/SOURCES.txt
/home/thinkpad/science_control_pkg/install/science_control_pkg/lib/science_control_pkg/dynamixel_control_node
/home/thinkpad/science_control_pkg/install/science_control_pkg/lib/science_control_pkg/ocean_optics_spectrometer_node
/home/thinkpad/science_control_pkg/install/science_control_pkg/lib/science_control_pkg/science_motor_control_node
/home/thinkpad/science_control_pkg/install/science_control_pkg/lib/science_control_pkg/subsurface_motor_node
