[1.328s] DEBUG:colcon:Command line arguments: ['/usr/bin/colcon', 'build']
[1.328s] DEBUG:colcon:Parsed command line arguments: Namespace(log_base=None, log_level=None, verb_name='build', build_base='build', install_base='install', merge_install=False, symlink_install=False, test_result_base=None, continue_on_error=False, executor='parallel', parallel_workers=4, event_handlers=None, ignore_user_meta=False, metas=['./colcon.meta'], base_paths=['.'], packages_ignore=None, packages_ignore_regex=None, paths=None, packages_up_to=None, packages_up_to_regex=None, packages_above=None, packages_above_and_dependencies=None, packages_above_depth=None, packages_select_by_dep=None, packages_skip_by_dep=None, packages_skip_up_to=None, packages_select_build_failed=False, packages_skip_build_finished=False, packages_select_test_failures=False, packages_skip_test_passed=False, packages_select=None, packages_skip=None, packages_select_regex=None, packages_skip_regex=None, packages_start=None, packages_end=None, allow_overriding=[], cmake_args=None, cmake_target=None, cmake_target_skip_unavailable=False, cmake_clean_cache=False, cmake_clean_first=False, cmake_force_configure=False, ament_cmake_args=None, catkin_cmake_args=None, catkin_skip_building_tests=False, verb_parser=<colcon_defaults.argument_parser.defaults.DefaultArgumentsDecorator object at 0x72deb908ab00>, verb_extension=<colcon_core.verb.build.BuildVerb object at 0x72deb9316290>, main=<bound method BuildVerb.main of <colcon_core.verb.build.BuildVerb object at 0x72deb9316290>>)
[1.436s] Level 1:colcon.colcon_core.package_discovery:discover_packages(colcon_meta) check parameters
[1.436s] Level 1:colcon.colcon_core.package_discovery:discover_packages(recursive) check parameters
[1.436s] Level 1:colcon.colcon_core.package_discovery:discover_packages(ignore) check parameters
[1.436s] Level 1:colcon.colcon_core.package_discovery:discover_packages(path) check parameters
[1.436s] Level 1:colcon.colcon_core.package_discovery:discover_packages(colcon_meta) discover
[1.436s] Level 1:colcon.colcon_core.package_discovery:discover_packages(recursive) discover
[1.436s] INFO:colcon.colcon_core.package_discovery:Crawling recursively for packages in '/home/thinkpad/science_control_pkg'
[1.436s] Level 1:colcon.colcon_core.package_identification:_identify(.) by extensions ['ignore', 'ignore_ament_install']
[1.437s] Level 1:colcon.colcon_core.package_identification:_identify(.) by extension 'ignore'
[1.437s] Level 1:colcon.colcon_core.package_identification:_identify(.) by extension 'ignore_ament_install'
[1.437s] Level 1:colcon.colcon_core.package_identification:_identify(.) by extensions ['colcon_pkg']
[1.437s] Level 1:colcon.colcon_core.package_identification:_identify(.) by extension 'colcon_pkg'
[1.437s] Level 1:colcon.colcon_core.package_identification:_identify(.) by extensions ['colcon_meta']
[1.437s] Level 1:colcon.colcon_core.package_identification:_identify(.) by extension 'colcon_meta'
[1.437s] Level 1:colcon.colcon_core.package_identification:_identify(.) by extensions ['ros']
[1.437s] Level 1:colcon.colcon_core.package_identification:_identify(.) by extension 'ros'
[1.462s] DEBUG:colcon.colcon_core.package_identification:Package '.' with type 'ros.ament_python' and name 'science_control_pkg'
[1.462s] Level 1:colcon.colcon_core.package_discovery:discover_packages(recursive) using defaults
[1.463s] Level 1:colcon.colcon_core.package_discovery:discover_packages(ignore) discover
[1.463s] Level 1:colcon.colcon_core.package_discovery:discover_packages(ignore) using defaults
[1.463s] Level 1:colcon.colcon_core.package_discovery:discover_packages(path) discover
[1.463s] Level 1:colcon.colcon_core.package_discovery:discover_packages(path) using defaults
[1.604s] Level 1:colcon.colcon_core.package_discovery:discover_packages(prefix_path) check parameters
[1.604s] Level 1:colcon.colcon_core.package_discovery:discover_packages(prefix_path) discover
[1.649s] DEBUG:colcon.colcon_installed_package_information.package_discovery:Found 28 installed packages in /home/thinkpad/workspace-heimdall/install
[1.671s] DEBUG:colcon.colcon_installed_package_information.package_discovery:Found 289 installed packages in /opt/ros/humble
[1.672s] Level 1:colcon.colcon_core.package_discovery:discover_packages(prefix_path) using defaults
[1.848s] Level 5:colcon.colcon_core.verb:set package 'science_control_pkg' build argument 'cmake_args' from command line to 'None'
[1.848s] Level 5:colcon.colcon_core.verb:set package 'science_control_pkg' build argument 'cmake_target' from command line to 'None'
[1.848s] Level 5:colcon.colcon_core.verb:set package 'science_control_pkg' build argument 'cmake_target_skip_unavailable' from command line to 'False'
[1.848s] Level 5:colcon.colcon_core.verb:set package 'science_control_pkg' build argument 'cmake_clean_cache' from command line to 'False'
[1.848s] Level 5:colcon.colcon_core.verb:set package 'science_control_pkg' build argument 'cmake_clean_first' from command line to 'False'
[1.848s] Level 5:colcon.colcon_core.verb:set package 'science_control_pkg' build argument 'cmake_force_configure' from command line to 'False'
[1.848s] Level 5:colcon.colcon_core.verb:set package 'science_control_pkg' build argument 'ament_cmake_args' from command line to 'None'
[1.849s] Level 5:colcon.colcon_core.verb:set package 'science_control_pkg' build argument 'catkin_cmake_args' from command line to 'None'
[1.849s] Level 5:colcon.colcon_core.verb:set package 'science_control_pkg' build argument 'catkin_skip_building_tests' from command line to 'False'
[1.849s] DEBUG:colcon.colcon_core.verb:Building package 'science_control_pkg' with the following arguments: {'ament_cmake_args': None, 'build_base': '/home/thinkpad/science_control_pkg/build/science_control_pkg', 'catkin_cmake_args': None, 'catkin_skip_building_tests': False, 'cmake_args': None, 'cmake_clean_cache': False, 'cmake_clean_first': False, 'cmake_force_configure': False, 'cmake_target': None, 'cmake_target_skip_unavailable': False, 'install_base': '/home/thinkpad/science_control_pkg/install/science_control_pkg', 'merge_install': False, 'path': '/home/thinkpad/science_control_pkg', 'symlink_install': False, 'test_result_base': None}
[1.868s] INFO:colcon.colcon_core.executor:Executing jobs using 'parallel' executor
[1.887s] DEBUG:colcon.colcon_parallel_executor.executor.parallel:run_until_complete
[1.887s] INFO:colcon.colcon_ros.task.ament_python.build:Building ROS package in '/home/thinkpad/science_control_pkg' with build type 'ament_python'
[1.888s] Level 1:colcon.colcon_core.shell:create_environment_hook('science_control_pkg', 'ament_prefix_path')
[1.921s] INFO:colcon.colcon_core.plugin_system:Skipping extension 'colcon_core.shell.bat': Not used on non-Windows systems
[1.922s] INFO:colcon.colcon_core.shell:Creating environment hook '/home/thinkpad/science_control_pkg/install/science_control_pkg/share/science_control_pkg/hook/ament_prefix_path.ps1'
[1.923s] INFO:colcon.colcon_core.shell:Creating environment descriptor '/home/thinkpad/science_control_pkg/install/science_control_pkg/share/science_control_pkg/hook/ament_prefix_path.dsv'
[1.924s] INFO:colcon.colcon_core.shell:Creating environment hook '/home/thinkpad/science_control_pkg/install/science_control_pkg/share/science_control_pkg/hook/ament_prefix_path.sh'
[1.951s] INFO:colcon.colcon_core.shell:Skip shell extension 'powershell' for command environment: Not usable outside of PowerShell
[1.951s] DEBUG:colcon.colcon_core.shell:Skip shell extension 'dsv' for command environment
[2.387s] INFO:colcon.colcon_core.task.python.build:Building Python package in '/home/thinkpad/science_control_pkg'
[2.408s] INFO:colcon.colcon_core.shell:Skip shell extension 'powershell' for command environment: Not usable outside of PowerShell
[2.408s] DEBUG:colcon.colcon_core.shell:Skip shell extension 'dsv' for command environment
[3.039s] DEBUG:colcon.colcon_core.event_handler.log_command:Invoking command in '/home/thinkpad/science_control_pkg': PYTHONPATH=/home/thinkpad/science_control_pkg/build/science_control_pkg/prefix_override:/home/thinkpad/science_control_pkg/install/science_control_pkg/lib/python3.10/site-packages:${PYTHONPATH} /usr/bin/python3 setup.py egg_info --egg-base build/science_control_pkg build --build-base /home/thinkpad/science_control_pkg/build/science_control_pkg/build install --record /home/thinkpad/science_control_pkg/build/science_control_pkg/install.log --single-version-externally-managed
[3.450s] DEBUG:colcon.colcon_core.event_handler.log_command:Invoked command in '/home/thinkpad/science_control_pkg' returned '0': PYTHONPATH=/home/thinkpad/science_control_pkg/build/science_control_pkg/prefix_override:/home/thinkpad/science_control_pkg/install/science_control_pkg/lib/python3.10/site-packages:${PYTHONPATH} /usr/bin/python3 setup.py egg_info --egg-base build/science_control_pkg build --build-base /home/thinkpad/science_control_pkg/build/science_control_pkg/build install --record /home/thinkpad/science_control_pkg/build/science_control_pkg/install.log --single-version-externally-managed
[3.476s] Level 1:colcon.colcon_core.environment:checking '/home/thinkpad/science_control_pkg/install/science_control_pkg' for CMake module files
[3.477s] Level 1:colcon.colcon_core.environment:checking '/home/thinkpad/science_control_pkg/install/science_control_pkg' for CMake config files
[3.477s] Level 1:colcon.colcon_core.environment:checking '/home/thinkpad/science_control_pkg/install/science_control_pkg/lib'
[3.478s] Level 1:colcon.colcon_core.environment:checking '/home/thinkpad/science_control_pkg/install/science_control_pkg/bin'
[3.478s] Level 1:colcon.colcon_core.environment:checking '/home/thinkpad/science_control_pkg/install/science_control_pkg/lib/pkgconfig/science_control_pkg.pc'
[3.478s] Level 1:colcon.colcon_core.environment:checking '/home/thinkpad/science_control_pkg/install/science_control_pkg/lib/python3.10/site-packages'
[3.478s] Level 1:colcon.colcon_core.shell:create_environment_hook('science_control_pkg', 'pythonpath')
[3.497s] INFO:colcon.colcon_core.shell:Creating environment hook '/home/thinkpad/science_control_pkg/install/science_control_pkg/share/science_control_pkg/hook/pythonpath.ps1'
[3.498s] INFO:colcon.colcon_core.shell:Creating environment descriptor '/home/thinkpad/science_control_pkg/install/science_control_pkg/share/science_control_pkg/hook/pythonpath.dsv'
[3.498s] INFO:colcon.colcon_core.shell:Creating environment hook '/home/thinkpad/science_control_pkg/install/science_control_pkg/share/science_control_pkg/hook/pythonpath.sh'
[3.499s] Level 1:colcon.colcon_core.environment:checking '/home/thinkpad/science_control_pkg/install/science_control_pkg/bin'
[3.499s] Level 1:colcon.colcon_core.environment:create_environment_scripts_only(science_control_pkg)
[3.518s] INFO:colcon.colcon_core.shell:Creating package script '/home/thinkpad/science_control_pkg/install/science_control_pkg/share/science_control_pkg/package.ps1'
[3.521s] INFO:colcon.colcon_core.shell:Creating package descriptor '/home/thinkpad/science_control_pkg/install/science_control_pkg/share/science_control_pkg/package.dsv'
[3.522s] INFO:colcon.colcon_core.shell:Creating package script '/home/thinkpad/science_control_pkg/install/science_control_pkg/share/science_control_pkg/package.sh'
[3.524s] INFO:colcon.colcon_core.shell:Creating package script '/home/thinkpad/science_control_pkg/install/science_control_pkg/share/science_control_pkg/package.bash'
[3.525s] INFO:colcon.colcon_core.shell:Creating package script '/home/thinkpad/science_control_pkg/install/science_control_pkg/share/science_control_pkg/package.zsh'
[3.527s] Level 1:colcon.colcon_core.environment:create_file_with_runtime_dependencies(/home/thinkpad/science_control_pkg/install/science_control_pkg/share/colcon-core/packages/science_control_pkg)
[3.527s] DEBUG:colcon.colcon_parallel_executor.executor.parallel:closing loop
[3.528s] DEBUG:colcon.colcon_parallel_executor.executor.parallel:loop closed
[3.528s] DEBUG:colcon.colcon_parallel_executor.executor.parallel:run_until_complete finished with '0'
[3.528s] DEBUG:colcon.colcon_core.event_reactor:joining thread
[3.572s] INFO:colcon.colcon_core.plugin_system:Skipping extension 'colcon_notification.desktop_notification.terminal_notifier': Not used on non-Darwin systems
[3.572s] INFO:colcon.colcon_core.plugin_system:Skipping extension 'colcon_notification.desktop_notification.win32': Not used on non-Windows systems
[3.572s] INFO:colcon.colcon_notification.desktop_notification:Sending desktop notification using 'notify2'
[3.654s] DEBUG:colcon.colcon_core.event_reactor:joined thread
[3.680s] INFO:colcon.colcon_core.shell:Creating prefix script '/home/thinkpad/science_control_pkg/install/local_setup.ps1'
[3.681s] INFO:colcon.colcon_core.shell:Creating prefix util module '/home/thinkpad/science_control_pkg/install/_local_setup_util_ps1.py'
[3.683s] INFO:colcon.colcon_core.shell:Creating prefix chain script '/home/thinkpad/science_control_pkg/install/setup.ps1'
[3.708s] INFO:colcon.colcon_core.shell:Creating prefix script '/home/thinkpad/science_control_pkg/install/local_setup.sh'
[3.709s] INFO:colcon.colcon_core.shell:Creating prefix util module '/home/thinkpad/science_control_pkg/install/_local_setup_util_sh.py'
[3.710s] INFO:colcon.colcon_core.shell:Creating prefix chain script '/home/thinkpad/science_control_pkg/install/setup.sh'
[3.732s] INFO:colcon.colcon_core.shell:Creating prefix script '/home/thinkpad/science_control_pkg/install/local_setup.bash'
[3.733s] INFO:colcon.colcon_core.shell:Creating prefix chain script '/home/thinkpad/science_control_pkg/install/setup.bash'
[3.754s] INFO:colcon.colcon_core.shell:Creating prefix script '/home/thinkpad/science_control_pkg/install/local_setup.zsh'
[3.755s] INFO:colcon.colcon_core.shell:Creating prefix chain script '/home/thinkpad/science_control_pkg/install/setup.zsh'
